# JRE version: OpenJDK Runtime Environment (11.0.15) (build 11.0.15+0-b2043.56-9505619)
# Java VM: OpenJDK 64-Bit Server VM (11.0.15+0-b2043.56-9505619, mixed mode, tiered, compressed oops, g1 gc, windows-amd64)
Heap:
 garbage-first heap   total 258048K, used 143591K [0x00000000a0000000, 0x0000000100000000)
  region size 1024K, 35 young (35840K), 13 survivors (13312K)
 Metaspace       used 93595K, capacity 97129K, committed 97236K, reserved 1132544K
  class space    used 12313K, capacity 13469K, committed 13516K, reserved 1048576K
GC Heap History (20 events):
Event: 11.949 GC heap before
{Heap before GC invocations=4 (full 0):
 garbage-first heap   total 258048K, used 93938K [0x00000000a0000000, 0x0000000100000000)
  region size 1024K, 77 young (78848K), 3 survivors (3072K)
 Metaspace       used 34994K, capacity 35794K, committed 35920K, reserved 1081344K
  class space    used 4482K, capacity 4823K, committed 4864K, reserved 1048576K
}
Event: 11.956 GC heap after
{Heap after GC invocations=5 (full 0):
 garbage-first heap   total 258048K, used 22197K [0x00000000a0000000, 0x0000000100000000)
  region size 1024K, 6 young (6144K), 6 survivors (6144K)
 Metaspace       used 34994K, capacity 35794K, committed 35920K, reserved 1081344K
  class space    used 4482K, capacity 4823K, committed 4864K, reserved 1048576K
}
Event: 13.504 GC heap before
{Heap before GC invocations=6 (full 0):
 garbage-first heap   total 258048K, used 146101K [0x00000000a0000000, 0x0000000100000000)
  region size 1024K, 124 young (126976K), 6 survivors (6144K)
 Metaspace       used 44937K, capacity 46007K, committed 46160K, reserved 1089536K
  class space    used 5681K, capacity 6064K, committed 6144K, reserved 1048576K
}
Event: 13.513 GC heap after
{Heap after GC invocations=7 (full 0):
 garbage-first heap   total 258048K, used 30572K [0x00000000a0000000, 0x0000000100000000)
  region size 1024K, 14 young (14336K), 14 survivors (14336K)
 Metaspace       used 44937K, capacity 46007K, committed 46160K, reserved 1089536K
  class space    used 5681K, capacity 6064K, committed 6144K, reserved 1048576K
}
Event: 23.859 GC heap before
{Heap before GC invocations=7 (full 0):
 garbage-first heap   total 258048K, used 178028K [0x00000000a0000000, 0x0000000100000000)
  region size 1024K, 151 young (154624K), 14 survivors (14336K)
 Metaspace       used 51977K, capacity 53486K, committed 53584K, reserved 1095680K
  class space    used 6608K, capacity 7163K, committed 7168K, reserved 1048576K
}
Event: 23.869 GC heap after
{Heap after GC invocations=8 (full 0):
 garbage-first heap   total 258048K, used 49195K [0x00000000a0000000, 0x0000000100000000)
  region size 1024K, 19 young (19456K), 19 survivors (19456K)
 Metaspace       used 51977K, capacity 53486K, committed 53584K, reserved 1095680K
  class space    used 6608K, capacity 7163K, committed 7168K, reserved 1048576K
}
Event: 24.502 GC heap before
{Heap before GC invocations=8 (full 0):
 garbage-first heap   total 258048K, used 102443K [0x00000000a0000000, 0x0000000100000000)
  region size 1024K, 72 young (73728K), 19 survivors (19456K)
 Metaspace       used 58586K, capacity 60169K, committed 60296K, reserved 1101824K
  class space    used 7431K, capacity 8042K, committed 8064K, reserved 1048576K
}
Event: 24.518 GC heap after
{Heap after GC invocations=9 (full 0):
 garbage-first heap   total 258048K, used 51140K [0x00000000a0000000, 0x0000000100000000)
  region size 1024K, 3 young (3072K), 3 survivors (3072K)
 Metaspace       used 58586K, capacity 60169K, committed 60296K, reserved 1101824K
  class space    used 7431K, capacity 8042K, committed 8064K, reserved 1048576K
}
Event: 26.075 GC heap before
{Heap before GC invocations=10 (full 0):
 garbage-first heap   total 258048K, used 178116K [0x00000000a0000000, 0x0000000100000000)
  region size 1024K, 127 young (130048K), 3 survivors (3072K)
 Metaspace       used 68223K, capacity 70120K, committed 70356K, reserved 1110016K
  class space    used 8650K, capacity 9356K, committed 9420K, reserved 1048576K
}
Event: 26.081 GC heap after
{Heap after GC invocations=11 (full 0):
 garbage-first heap   total 258048K, used 59424K [0x00000000a0000000, 0x0000000100000000)
  region size 1024K, 11 young (11264K), 11 survivors (11264K)
 Metaspace       used 68223K, capacity 70120K, committed 70356K, reserved 1110016K
  class space    used 8650K, capacity 9356K, committed 9420K, reserved 1048576K
}
Event: 31.660 GC heap before
{Heap before GC invocations=11 (full 0):
 garbage-first heap   total 258048K, used 187424K [0x00000000a0000000, 0x0000000100000000)
  region size 1024K, 134 young (137216K), 11 survivors (11264K)
 Metaspace       used 70607K, capacity 72854K, committed 73044K, reserved 1112064K
  class space    used 8988K, capacity 9787K, committed 9804K, reserved 1048576K
}
Event: 31.668 GC heap after
{Heap after GC invocations=12 (full 0):
 garbage-first heap   total 258048K, used 71141K [0x00000000a0000000, 0x0000000100000000)
  region size 1024K, 10 young (10240K), 10 survivors (10240K)
 Metaspace       used 70607K, capacity 72854K, committed 73044K, reserved 1112064K
  class space    used 8988K, capacity 9787K, committed 9804K, reserved 1048576K
}
Event: 33.244 GC heap before
{Heap before GC invocations=12 (full 0):
 garbage-first heap   total 258048K, used 191973K [0x00000000a0000000, 0x0000000100000000)
  region size 1024K, 128 young (131072K), 10 survivors (10240K)
 Metaspace       used 78335K, capacity 80639K, committed 80724K, reserved 1120256K
  class space    used 10236K, capacity 11061K, committed 11084K, reserved 1048576K
}
Event: 33.254 GC heap after
{Heap after GC invocations=13 (full 0):
 garbage-first heap   total 258048K, used 80518K [0x00000000a0000000, 0x0000000100000000)
  region size 1024K, 9 young (9216K), 9 survivors (9216K)
 Metaspace       used 78335K, capacity 80639K, committed 80724K, reserved 1120256K
  class space    used 10236K, capacity 11061K, committed 11084K, reserved 1048576K
}
Event: 38.949 GC heap before
{Heap before GC invocations=13 (full 0):
 garbage-first heap   total 258048K, used 199302K [0x00000000a0000000, 0x0000000100000000)
  region size 1024K, 123 young (125952K), 9 survivors (9216K)
 Metaspace       used 82107K, capacity 85256K, committed 85332K, reserved 1122304K
  class space    used 10755K, capacity 11802K, committed 11852K, reserved 1048576K
}
Event: 38.960 GC heap after
{Heap after GC invocations=14 (full 0):
 garbage-first heap   total 258048K, used 98825K [0x00000000a0000000, 0x0000000100000000)
  region size 1024K, 16 young (16384K), 16 survivors (16384K)
 Metaspace       used 82107K, capacity 85256K, committed 85332K, reserved 1122304K
  class space    used 10755K, capacity 11802K, committed 11852K, reserved 1048576K
}
Event: 40.453 GC heap before
{Heap before GC invocations=14 (full 0):
 garbage-first heap   total 258048K, used 199177K [0x00000000a0000000, 0x0000000100000000)
  region size 1024K, 114 young (116736K), 16 survivors (16384K)
 Metaspace       used 90048K, capacity 93280K, committed 93396K, reserved 1130496K
  class space    used 11826K, capacity 12889K, committed 13004K, reserved 1048576K
}
Event: 40.466 GC heap after
{Heap after GC invocations=15 (full 0):
 garbage-first heap   total 258048K, used 109053K [0x00000000a0000000, 0x0000000100000000)
  region size 1024K, 10 young (10240K), 10 survivors (10240K)
 Metaspace       used 90048K, capacity 93280K, committed 93396K, reserved 1130496K
  class space    used 11826K, capacity 12889K, committed 13004K, reserved 1048576K
}
Event: 41.738 GC heap before
{Heap before GC invocations=15 (full 0):
 garbage-first heap   total 258048K, used 201213K [0x00000000a0000000, 0x0000000100000000)
  region size 1024K, 101 young (103424K), 10 survivors (10240K)
 Metaspace       used 93044K, capacity 96535K, committed 96596K, reserved 1132544K
  class space    used 12225K, capacity 13356K, committed 13388K, reserved 1048576K
}
Event: 41.750 GC heap after
{Heap after GC invocations=16 (full 0):
 garbage-first heap   total 258048K, used 122087K [0x00000000a0000000, 0x0000000100000000)
  region size 1024K, 13 young (13312K), 13 survivors (13312K)
 Metaspace       used 93044K, capacity 96535K, committed 96596K, reserved 1132544K
  class space    used 12225K, capacity 13356K, committed 13388K, reserved 1048576K
}

